Log file open, 09/15/18 15:07:04
LogWindows: Failed to load 'aqProf.dll' (GetLastError=126)
LogWindows: File 'aqProf.dll' does not exist
LogWindows: Failed to load 'VtuneApi.dll' (GetLastError=126)
LogWindows: File 'VtuneApi.dll' does not exist
LogWindows: Failed to load 'VtuneApi32e.dll' (GetLastError=126)
LogWindows: File 'VtuneApi32e.dll' does not exist
LogInit: Display: Running engine for game: VRStick
LogPlatformFile: Not using cached read wrapper
LogInit: Display: RandInit(3976093) SRandInit(3976093).
LogInit: Read version file with build ID '3944462'
LogInit: Overriding engine version to CL 4033788, compatible CL 3944462
LogInit: Registered custom module enumerator with build ID '3944462'
LogTaskGraph: Started task graph with 5 named threads and 23 total threads with 3 sets of task threads.
LogStats: Stats thread started at 0.281109
LogD3D11RHI: Aftermath initialized
LogICUInternationalization: Display: ICU TimeZone Detection - Raw Offset: +8:00, Platform Override: ''
LogModuleManager: Display: Found up-to-date module file ../../../Engine/Plugins/2D/Paper2D/Binaries/Win64/UE4Editor-Paper2D.dll (API version 3944462).
LogModuleManager: Display: Found up-to-date module file ../../../Engine/Plugins/2D/Paper2D/Binaries/Win64/UE4Editor-Paper2DEditor.dll (API version 3944462).
LogModuleManager: Display: Found up-to-date module file ../../../Engine/Plugins/2D/Paper2D/Binaries/Win64/UE4Editor-PaperSpriteSheetImporter.dll (API version 3944462).
LogModuleManager: Display: Found up-to-date module file ../../../Engine/Plugins/2D/Paper2D/Binaries/Win64/UE4Editor-PaperTiledImporter.dll (API version 3944462).
LogModuleManager: Display: Found up-to-date module file ../../../Engine/Plugins/2D/Paper2D/Binaries/Win64/UE4Editor-SmartSnapping.dll (API version 3944462).
LogModuleManager: Display: Found up-to-date module file ../../../Engine/Plugins/Blendables/LightPropagationVolume/Binaries/Win64/UE4Editor-LightPropagationVolumeRuntime.dll (API version 3944462).
LogModuleManager: Display: Found up-to-date module file ../../../Engine/Plugins/Blendables/LightPropagationVolume/Binaries/Win64/UE4Editor-LightPropagationVolumeEditor.dll (API version 3944462).
LogModuleManager: Display: Found up-to-date module file ../../../Engine/Plugins/Developer/CLionSourceCodeAccess/Binaries/Win64/UE4Editor-CLionSourceCodeAccess.dll (API version 3944462).
LogModuleManager: Display: Found up-to-date module file ../../../Engine/Plugins/Developer/GitSourceControl/Binaries/Win64/UE4Editor-GitSourceControl.dll (API version 3944462).
LogModuleManager: Display: Found up-to-date module file ../../../Engine/Plugins/Developer/PerforceSourceControl/Binaries/Win64/UE4Editor-PerforceSourceControl.dll (API version 3944462).
LogModuleManager: Display: Found up-to-date module file ../../../Engine/Plugins/Developer/SubversionSourceControl/Binaries/Win64/UE4Editor-SubversionSourceControl.dll (API version 3944462).
LogModuleManager: Display: Found up-to-date module file ../../../Engine/Plugins/Developer/UObjectPlugin/Binaries/Win64/UE4Editor-UObjectPlugin.dll (API version 3944462).
LogModuleManager: Display: Found up-to-date module file ../../../Engine/Plugins/Developer/VisualStudioCodeSourceCodeAccess/Binaries/Win64/UE4Editor-VisualStudioCodeSourceCodeAccess.dll (API version 3944462).
LogModuleManager: Display: Found up-to-date module file ../../../Engine/Plugins/Developer/VisualStudioSourceCodeAccess/Binaries/Win64/UE4Editor-VisualStudioSourceCodeAccess.dll (API version 3944462).
LogModuleManager: Display: Found up-to-date module file ../../../Engine/Plugins/Editor/AssetManagerEditor/Binaries/Win64/UE4Editor-AssetManagerEditor.dll (API version 3944462).
LogModuleManager: Display: Found up-to-date module file ../../../Engine/Plugins/Editor/CryptoKeys/Binaries/Win64/UE4Editor-CryptoKeys.dll (API version 3944462).
LogModuleManager: Display: Found up-to-date module file ../../../Engine/Plugins/Editor/CryptoKeys/Binaries/Win64/UE4Editor-CryptoKeysOpenSSL.dll (API version 3944462).
LogModuleManager: Display: Found up-to-date module file ../../../Engine/Plugins/Editor/DataValidation/Binaries/Win64/UE4Editor-DataValidation.dll (API version 3944462).
LogModuleManager: Display: Found up-to-date module file ../../../Engine/Plugins/Editor/FacialAnimation/Binaries/Win64/UE4Editor-FacialAnimation.dll (API version 3944462).
LogModuleManager: Display: Found up-to-date module file ../../../Engine/Plugins/Editor/FacialAnimation/Binaries/Win64/UE4Editor-FacialAnimationEditor.dll (API version 3944462).
LogModuleManager: Display: Found up-to-date module file ../../../Engine/Plugins/Editor/GameplayTagsEditor/Binaries/Win64/UE4Editor-GameplayTagsEditor.dll (API version 3944462).
LogModuleManager: Display: Found up-to-date module file ../../../Engine/Plugins/Editor/MobileLauncherProfileWizard/Binaries/Win64/UE4Editor-MobileLauncherProfileWizard.dll (API version 3944462).
LogModuleManager: Display: Found up-to-date module file ../../../Engine/Plugins/Editor/PluginBrowser/Binaries/Win64/UE4Editor-PluginBrowser.dll (API version 3944462).
LogModuleManager: Display: Found up-to-date module file ../../../Engine/Plugins/Editor/SpeedTreeImporter/Binaries/Win64/UE4Editor-SpeedTreeImporter.dll (API version 3944462).
LogModuleManager: Display: Found up-to-date module file ../../../Engine/Plugins/Enterprise/DatasmithContent/Binaries/Win64/UE4Editor-DatasmithContent.dll (API version 3944462).
LogModuleManager: Display: Found up-to-date module file ../../../Engine/Plugins/Experimental/AlembicImporter/Binaries/Win64/UE4Editor-AlembicImporter.dll (API version 3944462).
LogModuleManager: Display: Found up-to-date module file ../../../Engine/Plugins/Experimental/AlembicImporter/Binaries/Win64/UE4Editor-AlembicLibrary.dll (API version 3944462).
LogModuleManager: Display: Found up-to-date module file ../../../Engine/Plugins/Experimental/CharacterAI/Binaries/Win64/UE4Editor-CharacterAI.dll (API version 3944462).
LogModuleManager: Display: Found up-to-date module file ../../../Engine/Plugins/Experimental/HTML5Networking/Binaries/Win64/UE4Editor-HTML5Networking.dll (API version 3944462).
LogModuleManager: Display: Found up-to-date module file ../../../Engine/Plugins/Media/AndroidMedia/Binaries/Win64/UE4Editor-AndroidMediaEditor.dll (API version 3944462).
LogModuleManager: Display: Found up-to-date module file ../../../Engine/Plugins/Media/AndroidMedia/Binaries/Win64/UE4Editor-AndroidMediaFactory.dll (API version 3944462).
LogModuleManager: Display: Found up-to-date module file ../../../Engine/Plugins/Media/AvfMedia/Binaries/Win64/UE4Editor-AvfMediaEditor.dll (API version 3944462).
LogModuleManager: Display: Found up-to-date module file ../../../Engine/Plugins/Media/AvfMedia/Binaries/Win64/UE4Editor-AvfMediaFactory.dll (API version 3944462).
LogModuleManager: Display: Found up-to-date module file ../../../Engine/Plugins/Media/AvfMedia/Binaries/Win64/UE4Editor-AvfMediaFactory.dll (API version 3944462).
LogModuleManager: Display: Found up-to-date module file ../../../Engine/Plugins/Media/ImgMedia/Binaries/Win64/UE4Editor-ImgMedia.dll (API version 3944462).
LogModuleManager: Display: Found up-to-date module file ../../../Engine/Plugins/Media/ImgMedia/Binaries/Win64/UE4Editor-ImgMediaEditor.dll (API version 3944462).
LogModuleManager: Display: Found up-to-date module file ../../../Engine/Plugins/Media/ImgMedia/Binaries/Win64/UE4Editor-ImgMediaFactory.dll (API version 3944462).
LogModuleManager: Display: Found up-to-date module file ../../../Engine/Plugins/Media/ImgMedia/Binaries/Win64/UE4Editor-ImgMediaFactory.dll (API version 3944462).
LogModuleManager: Display: Found up-to-date module file ../../../Engine/Plugins/Media/ImgMedia/Binaries/Win64/UE4Editor-OpenExrWrapper.dll (API version 3944462).
LogModuleManager: Display: Found up-to-date module file ../../../Engine/Plugins/Media/LinearTimecode/Binaries/Win64/UE4Editor-LinearTimecode.dll (API version 3944462).
LogModuleManager: Display: Found up-to-date module file ../../../Engine/Plugins/Media/MediaCompositing/Binaries/Win64/UE4Editor-MediaCompositing.dll (API version 3944462).
LogModuleManager: Display: Found up-to-date module file ../../../Engine/Plugins/Media/MediaCompositing/Binaries/Win64/UE4Editor-MediaCompositingEditor.dll (API version 3944462).
LogModuleManager: Display: Found up-to-date module file ../../../Engine/Plugins/Media/MediaPlayerEditor/Binaries/Win64/UE4Editor-MediaPlayerEditor.dll (API version 3944462).
LogModuleManager: Display: Found up-to-date module file ../../../Engine/Plugins/Media/WmfMedia/Binaries/Win64/UE4Editor-WmfMedia.dll (API version 3944462).
LogModuleManager: Display: Found up-to-date module file ../../../Engine/Plugins/Media/WmfMedia/Binaries/Win64/UE4Editor-WmfMediaEditor.dll (API version 3944462).
LogModuleManager: Display: Found up-to-date module file ../../../Engine/Plugins/Media/WmfMedia/Binaries/Win64/UE4Editor-WmfMediaFactory.dll (API version 3944462).
LogModuleManager: Display: Found up-to-date module file ../../../Engine/Plugins/Media/WmfMedia/Binaries/Win64/UE4Editor-WmfMediaFactory.dll (API version 3944462).
LogModuleManager: Display: Found up-to-date module file ../../../Engine/Plugins/Messaging/TcpMessaging/Binaries/Win64/UE4Editor-TcpMessaging.dll (API version 3944462).
LogModuleManager: Display: Found up-to-date module file ../../../Engine/Plugins/Messaging/UdpMessaging/Binaries/Win64/UE4Editor-UdpMessaging.dll (API version 3944462).
LogModuleManager: Display: Found up-to-date module file ../../../Engine/Plugins/MovieScene/ActorSequence/Binaries/Win64/UE4Editor-ActorSequence.dll (API version 3944462).
LogModuleManager: Display: Found up-to-date module file ../../../Engine/Plugins/MovieScene/LevelSequenceEditor/Binaries/Win64/UE4Editor-LevelSequenceEditor.dll (API version 3944462).
LogModuleManager: Display: Found up-to-date module file ../../../Engine/Plugins/MovieScene/MatineeToLevelSequence/Binaries/Win64/UE4Editor-MatineeToLevelSequence.dll (API version 3944462).
LogModuleManager: Display: Found up-to-date module file ../../../Engine/Plugins/NetcodeUnitTest/NetcodeUnitTest/Binaries/Win64/UE4Editor-NetcodeUnitTest.dll (API version 3944462).
LogModuleManager: Display: Found up-to-date module file ../../../Engine/Plugins/NetcodeUnitTest/NUTUnrealEngine4/Binaries/Win64/UE4Editor-NUTUnrealEngine4.dll (API version 3944462).
LogModuleManager: Display: Found up-to-date module file ../../../Engine/Plugins/Online/OnlineSubsystem/Binaries/Win64/UE4Editor-OnlineSubsystem.dll (API version 3944462).
LogModuleManager: Display: Found up-to-date module file ../../../Engine/Plugins/Runtime/AndroidPermission/Binaries/Win64/UE4Editor-AndroidPermission.dll (API version 3944462).
LogModuleManager: Display: Found up-to-date module file ../../../Engine/Plugins/Online/OnlineSubsystemNull/Binaries/Win64/UE4Editor-OnlineSubsystemNull.dll (API version 3944462).
LogModuleManager: Display: Found up-to-date module file ../../../Engine/Plugins/Online/OnlineSubsystemUtils/Binaries/Win64/UE4Editor-OnlineSubsystemUtils.dll (API version 3944462).
LogModuleManager: Display: Found up-to-date module file ../../../Engine/Plugins/Online/OnlineSubsystemUtils/Binaries/Win64/UE4Editor-OnlineBlueprintSupport.dll (API version 3944462).
LogModuleManager: Display: Found up-to-date module file ../../../Engine/Plugins/Runtime/AndroidDeviceProfileSelector/Binaries/Win64/UE4Editor-AndroidDeviceProfileSelector.dll (API version 3944462).
LogModuleManager: Display: Found up-to-date module file ../../../Engine/Plugins/Runtime/AppleARKit/Binaries/Win64/UE4Editor-AppleARKit.dll (API version 3944462).
LogModuleManager: Display: Found up-to-date module file ../../../Engine/Plugins/Runtime/ProceduralMeshComponent/Binaries/Win64/UE4Editor-ProceduralMeshComponent.dll (API version 3944462).
LogModuleManager: Display: Found up-to-date module file ../../../Engine/Plugins/Runtime/ProceduralMeshComponent/Binaries/Win64/UE4Editor-ProceduralMeshComponentEditor.dll (API version 3944462).
LogModuleManager: Display: Found up-to-date module file ../../../Engine/Plugins/Animation/LiveLink/Binaries/Win64/UE4Editor-LiveLink.dll (API version 3944462).
LogModuleManager: Display: Found up-to-date module file ../../../Engine/Plugins/Animation/LiveLink/Binaries/Win64/UE4Editor-LiveLinkEditor.dll (API version 3944462).
LogModuleManager: Display: Found up-to-date module file ../../../Engine/Plugins/Runtime/ArchVisCharacter/Binaries/Win64/UE4Editor-ArchVisCharacter.dll (API version 3944462).
LogModuleManager: Display: Found up-to-date module file ../../../Engine/Plugins/Runtime/AudioCapture/Binaries/Win64/UE4Editor-AudioCapture.dll (API version 3944462).
LogModuleManager: Display: Found up-to-date module file ../../../Engine/Plugins/Runtime/AudioCapture/Binaries/Win64/UE4Editor-AudioCaptureEditor.dll (API version 3944462).
LogModuleManager: Display: Found up-to-date module file ../../../Engine/Plugins/Runtime/CableComponent/Binaries/Win64/UE4Editor-CableComponent.dll (API version 3944462).
LogModuleManager: Display: Found up-to-date module file ../../../Engine/Plugins/Runtime/CustomMeshComponent/Binaries/Win64/UE4Editor-CustomMeshComponent.dll (API version 3944462).
LogModuleManager: Display: Found up-to-date module file ../../../Engine/Plugins/Runtime/ExampleDeviceProfileSelector/Binaries/Win64/UE4Editor-ExampleDeviceProfileSelector.dll (API version 3944462).
LogModuleManager: Display: Found up-to-date module file ../../../Engine/Plugins/Runtime/ImmediatePhysics/Binaries/Win64/UE4Editor-ImmediatePhysics.dll (API version 3944462).
LogModuleManager: Display: Found up-to-date module file ../../../Engine/Plugins/Runtime/ImmediatePhysics/Binaries/Win64/UE4Editor-ImmediatePhysicsEditor.dll (API version 3944462).
LogModuleManager: Display: Found up-to-date module file ../../../Engine/Plugins/Runtime/LocationServicesBPLibrary/Binaries/Win64/UE4Editor-LocationServicesBPLibrary.dll (API version 3944462).
LogModuleManager: Display: Found up-to-date module file ../../../Engine/Plugins/Runtime/MobilePatchingUtils/Binaries/Win64/UE4Editor-MobilePatchingUtils.dll (API version 3944462).
LogModuleManager: Display: Found up-to-date module file ../../../Engine/Plugins/Runtime/Oculus/OculusVR/Binaries/Win64/UE4Editor-OculusHMD.dll (API version 3944462).
LogModuleManager: Display: Found up-to-date module file ../../../Engine/Plugins/Runtime/Oculus/OculusVR/Binaries/Win64/UE4Editor-OculusInput.dll (API version 3944462).
LogModuleManager: Display: Found up-to-date module file ../../../Engine/Plugins/Runtime/Oculus/OculusVR/Binaries/Win64/UE4Editor-OculusEditor.dll (API version 3944462).
LogModuleManager: Display: Found up-to-date module file ../../../Engine/Plugins/Runtime/PhysXVehicles/Binaries/Win64/UE4Editor-PhysXVehicles.dll (API version 3944462).
LogModuleManager: Display: Found up-to-date module file ../../../Engine/Plugins/Runtime/PhysXVehicles/Binaries/Win64/UE4Editor-PhysXVehiclesEditor.dll (API version 3944462).
LogModuleManager: Display: Found up-to-date module file ../../../Engine/Plugins/Runtime/RuntimePhysXCooking/Binaries/Win64/UE4Editor-RuntimePhysXCooking.dll (API version 3944462).
LogModuleManager: Display: Found up-to-date module file ../../../Engine/Plugins/Runtime/Steam/SteamVR/Binaries/Win64/UE4Editor-SteamVR.dll (API version 3944462).
LogModuleManager: Display: Found up-to-date module file ../../../Engine/Plugins/Runtime/Steam/SteamVR/Binaries/Win64/UE4Editor-SteamVRController.dll (API version 3944462).
LogModuleManager: Display: Found up-to-date module file ../../../Engine/Plugins/Runtime/WindowsMoviePlayer/Binaries/Win64/UE4Editor-WindowsMoviePlayer.dll (API version 3944462).
LogPluginManager: Mounting plugin Paper2D
LogPluginManager: Mounting plugin LiveLink
LogPluginManager: Mounting plugin LightPropagationVolume
LogPluginManager: Mounting plugin CLionSourceCodeAccess
LogPluginManager: Mounting plugin CodeLiteSourceCodeAccess
LogPluginManager: Mounting plugin GitSourceControl
LogPluginManager: Mounting plugin KDevelopSourceCodeAccess
LogPluginManager: Mounting plugin NullSourceCodeAccess
LogPluginManager: Mounting plugin PerforceSourceControl
LogPluginManager: Mounting plugin SubversionSourceControl
LogPluginManager: Mounting plugin UObjectPlugin
LogPluginManager: Mounting plugin VisualStudioCodeSourceCodeAccess
LogPluginManager: Mounting plugin VisualStudioSourceCodeAccess
LogPluginManager: Mounting plugin XCodeSourceCodeAccess
LogPluginManager: Mounting plugin AssetManagerEditor
LogPluginManager: Mounting plugin CryptoKeys
LogPluginManager: Mounting plugin DataValidation
LogPluginManager: Mounting plugin FacialAnimation
LogPluginManager: Mounting plugin GameplayTagsEditor
LogPluginManager: Mounting plugin MobileLauncherProfileWizard
LogPluginManager: Mounting plugin PluginBrowser
LogPluginManager: Mounting plugin SpeedTreeImporter
LogPluginManager: Mounting plugin DatasmithContent
LogPluginManager: Mounting plugin AlembicImporter
LogPluginManager: Mounting plugin CharacterAI
LogPluginManager: Mounting plugin HTML5Networking
LogPluginManager: Mounting plugin AndroidMedia
LogPluginManager: Mounting plugin AvfMedia
LogPluginManager: Mounting plugin ImgMedia
LogPluginManager: Mounting plugin LinearTimecode
LogPluginManager: Mounting plugin MediaCompositing
LogPluginManager: Mounting plugin MediaPlayerEditor
LogPluginManager: Mounting plugin WmfMedia
LogPluginManager: Mounting plugin TcpMessaging
LogPluginManager: Mounting plugin UdpMessaging
LogPluginManager: Mounting plugin ActorSequence
LogPluginManager: Mounting plugin LevelSequenceEditor
LogPluginManager: Mounting plugin MatineeToLevelSequence
LogPluginManager: Mounting plugin NetcodeUnitTest
LogPluginManager: Mounting plugin NUTUnrealEngine4
LogPluginManager: Mounting plugin OnlineSubsystemGooglePlay
LogPluginManager: Mounting plugin OnlineSubsystemIOS
LogPluginManager: Mounting plugin OnlineSubsystem
LogPluginManager: Mounting plugin OnlineSubsystemNull
LogPluginManager: Mounting plugin OnlineSubsystemUtils
LogPluginManager: Mounting plugin AndroidDeviceProfileSelector
LogPluginManager: Mounting plugin AndroidMoviePlayer
LogPluginManager: Mounting plugin AndroidPermission
LogPluginManager: Mounting plugin AppleARKit
LogPluginManager: Mounting plugin AppleMoviePlayer
LogPluginManager: Mounting plugin ArchVisCharacter
LogPluginManager: Mounting plugin AudioCapture
LogPluginManager: Mounting plugin CableComponent
LogPluginManager: Mounting plugin CustomMeshComponent
LogPluginManager: Mounting plugin ExampleDeviceProfileSelector
LogPluginManager: Mounting plugin GoogleCloudMessaging
LogPluginManager: Mounting plugin ImmediatePhysics
LogPluginManager: Mounting plugin IOSDeviceProfileSelector
LogPluginManager: Mounting plugin LinuxDeviceProfileSelector
LogPluginManager: Mounting plugin LocationServicesBPLibrary
LogPluginManager: Mounting plugin MobilePatchingUtils
LogPluginManager: Mounting plugin OculusVR
LogPluginManager: Plugin shader directory ../../../Engine/Plugins/Runtime/Oculus/OculusVR/Shaders found
LogPluginManager: Mapping shader source directory ../../../Engine/Plugins/Runtime/Oculus/OculusVR/Shaders to virtual directory /Plugin/OculusVR
LogPluginManager: Mounting plugin PhysXVehicles
LogPluginManager: Mounting plugin ProceduralMeshComponent
LogPluginManager: Mounting plugin RuntimePhysXCooking
LogPluginManager: Mounting plugin SteamVR
LogPluginManager: Mounting plugin WindowsMoviePlayer
LogStreaming: Display: Took  0.734s to configure plugins.
LogInit: Using libcurl 7.47.1
LogInit:  - built for x86_64-pc-win32
LogInit:  - supports SSL with OpenSSL/1.0.2g
LogInit:  - supports HTTP deflate (compression) using libz 1.2.8
LogInit:  - other features:
LogInit:      CURL_VERSION_SSL
LogInit:      CURL_VERSION_LIBZ
LogInit:      CURL_VERSION_IPV6
LogInit:      CURL_VERSION_ASYNCHDNS
LogInit:      CURL_VERSION_LARGEFILE
LogInit:      CURL_VERSION_IDN
LogInit:  CurlRequestOptions (configurable via config and command line):
LogInit:  - bVerifyPeer = false  - Libcurl will NOT verify peer certificate
LogInit:  - bUseHttpProxy = false  - Libcurl will NOT use HTTP proxy
LogInit:  - bDontReuseConnections = false  - Libcurl will reuse connections
LogInit:  - CertBundlePath = nullptr  - Libcurl will use whatever was configured at build time.
LogInit:  - MaxHostConnections = 16  - Libcurl will limit the number of connections to a host
LogInit:  - LocalHostAddr = Default
LogInit: WinSock: version 1.1 (2.2), MaxSocks=32767, MaxUdp=65467
LogInit: WinSock: I am DESKTOP-GLHN87H (192.168.1.204:0)
LogInit: Build: ++UE4+Release-4.19-CL-4033788
LogInit: Engine Version: 4.19.2-4033788+++UE4+Release-4.19
LogInit: Compatible Engine Version: 4.19.0-3944462+++UE4+Release-4.19
LogInit: Net CL: 3944462
LogDevObjectVersion: Number of dev versions registered: 18
LogDevObjectVersion:   Dev-Blueprints (B0D832E4-1F89-4F0D-ACCF-7EB736FD4AA2): 10
LogDevObjectVersion:   Dev-Build (E1C64328-A22C-4D53-A36C-8E866417BD8C): 0
LogDevObjectVersion:   Dev-Core (375EC13C-06E4-48FB-B500-84F0262A717E): 2
LogDevObjectVersion:   Dev-Editor (E4B068ED-F494-42E9-A231-DA0B2E46BB41): 23
LogDevObjectVersion:   Dev-Framework (CFFC743F-43B0-4480-9391-14DF171D2073): 33
LogDevObjectVersion:   Dev-Mobile (B02B49B5-BB20-44E9-A304-32B752E40360): 2
LogDevObjectVersion:   Dev-Networking (A4E4105C-59A1-49B5-A7C5-40C4547EDFEE): 0
LogDevObjectVersion:   Dev-Online (39C831C9-5AE6-47DC-9A44-9C173E1C8E7C): 0
LogDevObjectVersion:   Dev-Physics (78F01B33-EBEA-4F98-B9B4-84EACCB95AA2): 0
LogDevObjectVersion:   Dev-Platform (6631380F-2D4D-43E0-8009-CF276956A95A): 0
LogDevObjectVersion:   Dev-Rendering (12F88B9F-8875-4AFC-A67C-D90C383ABD29): 25
LogDevObjectVersion:   Dev-Sequencer (7B5AE74C-D270-4C10-A958-57980B212A5A): 6
LogDevObjectVersion:   Dev-VR (D7296918-1DD6-4BDD-9DE2-64A83CC13884): 1
LogDevObjectVersion:   Dev-LoadTimes (C2A15278-BFE7-4AFE-6C17-90FF531DF755): 1
LogDevObjectVersion:   Private-Geometry (6EACA3D4-40EC-4CC1-B786-8BED09428FC5): 2
LogDevObjectVersion:   Dev-AnimPhys (29E575DD-E0A3-4627-9D10-D276232CDCEA): 16
LogDevObjectVersion:   Dev-ReflectionCapture (6B266CEC-1EC7-4B8F-A30B-E4D90942FC07): 1
LogDevObjectVersion:   Dev-Automation (0DF73D61-A23F-47EA-B727-89E90C41499A): 1
LogInit: Compiled (64-bit): Apr 27 2018 02:06:57
LogInit: Compiled with Visual C++: 19.00.24215.01
LogInit: Build Configuration: Development
LogInit: Branch Name: ++UE4+Release-4.19
LogInit: Command Line:  /Game/VirtualRealityBP/Maps/startmap -game -PIEVIACONSOLE -ResX=1280 -ResY=720  -Multiprocess -messaging -SessionName="Play in Standalone Game" -nohmd -windowed 
LogInit: Base Directory: D:/Epic Games/UE_4.19/Engine/Binaries/Win64/
LogInit: Installed Engine Build: 1
LogStreaming: Display: Took  0.001s to delete old logs.
LogInit: Presizing for max 8388607 objects, including 0 objects not considered by GC, pre-allocating 0 bytes for permanent pool.
LogInit: Object subsystem initialized
[2018.09.15-07.07.05:519][  0]LogInit: Selected Device Profile: [Windows]
[2018.09.15-07.07.05:519][  0]LogInit: Applying CVar settings loaded from the selected device profile: [Windows]
[2018.09.15-07.07.05:523][  0]LogInit: Computer: DESKTOP-GLHN87H
[2018.09.15-07.07.05:523][  0]LogInit: User: user
[2018.09.15-07.07.05:523][  0]LogInit: CPU Page size=4096, Cores=4
[2018.09.15-07.07.05:523][  0]LogInit: High frequency timer resolution =3.328124 MHz
[2018.09.15-07.07.05:523][  0]LogMemory: Memory total: Physical=15.9GB (16GB approx)
[2018.09.15-07.07.05:523][  0]LogMemory: Platform Memory Stats for Windows
[2018.09.15-07.07.05:523][  0]LogMemory: Process Physical Memory: 274.86 MB used, 274.86 MB peak
[2018.09.15-07.07.05:523][  0]LogMemory: Process Virtual Memory: 264.60 MB used, 264.60 MB peak
[2018.09.15-07.07.05:523][  0]LogMemory: Physical Memory: 7535.14 MB used,  8772.05 MB free, 16307.19 MB total
[2018.09.15-07.07.05:523][  0]LogMemory: Virtual Memory: 4795.41 MB used,  8772.05 MB free, 134217728.00 MB total
[2018.09.15-07.07.05:542][  0]LogInit: Using OS detected language (zh-TW).
[2018.09.15-07.07.05:542][  0]LogInit: Using OS detected locale (zh-TW).
[2018.09.15-07.07.05:542][  0]LogTextLocalizationManager: No localization for 'zh-TW' exists, so 'en' will be used for the language.
[2018.09.15-07.07.05:542][  0]LogTextLocalizationManager: No localization for 'zh-TW' exists, so 'en' will be used for the locale.
[2018.09.15-07.07.06:033][  0]LogStreaming: Display: Took  0.491s to EndInitTextLocalization.
[2018.09.15-07.07.06:066][  0]LogSlate: New Slate User Created.  User Index 0, Is Virtual User: 0
[2018.09.15-07.07.06:066][  0]LogSlate: Slate User Registered.  User Index 0, Is Virtual User: 0
[2018.09.15-07.07.06:068][  0]LogD3D11RHI: D3D11 adapters:
[2018.09.15-07.07.06:121][  0]LogD3D11RHI:    0. 'NVIDIA GeForce GTX 1060 6GB' (Feature Level 11_0)
[2018.09.15-07.07.06:121][  0]LogD3D11RHI:       6061/0/8153 MB DedicatedVideo/DedicatedSystem/SharedSystem, Outputs:1, VendorId:0x10de
[2018.09.15-07.07.06:124][  0]LogD3D11RHI:    1. 'Microsoft Basic Render Driver' (Feature Level 11_0)
[2018.09.15-07.07.06:124][  0]LogD3D11RHI:       0/0/8153 MB DedicatedVideo/DedicatedSystem/SharedSystem, Outputs:0, VendorId:0x1414
[2018.09.15-07.07.06:124][  0]LogD3D11RHI: Chosen D3D11 Adapter: 0
[2018.09.15-07.07.06:132][  0]LogD3D11RHI: Creating new Direct3DDevice
[2018.09.15-07.07.06:132][  0]LogD3D11RHI:     GPU DeviceId: 0x1c03 (for the marketing name, search the web for "GPU Device Id")
[2018.09.15-07.07.06:132][  0]LogWindows: EnumDisplayDevices:
[2018.09.15-07.07.06:132][  0]LogWindows:    0. 'NVIDIA GeForce GTX 1060 6GB' (P:1 D:1)
[2018.09.15-07.07.06:132][  0]LogWindows:    1. 'NVIDIA GeForce GTX 1060 6GB' (P:0 D:0)
[2018.09.15-07.07.06:132][  0]LogWindows:    2. 'NVIDIA GeForce GTX 1060 6GB' (P:0 D:0)
[2018.09.15-07.07.06:132][  0]LogWindows:    3. 'NVIDIA GeForce GTX 1060 6GB' (P:0 D:0)
[2018.09.15-07.07.06:132][  0]LogWindows: DebugString: GetVideoDriverDetailsInvalid PrimaryIsNotTheChoosenAdapter GetVideoDriverDetailsInvalid PrimaryIsNotTheChoosenAdapter GetVideoDriverDetailsInvalid PrimaryIsNotTheChoosenAdapter GetVideoDriverDetailsInvalid PrimaryIsNotTheChoosenAdapter FoundDriverCount:0 
[2018.09.15-07.07.06:132][  0]LogD3D11RHI:     Adapter Name: NVIDIA GeForce GTX 1060 6GB
[2018.09.15-07.07.06:132][  0]LogD3D11RHI:   Driver Version: Unknown (internal:Unknown, unified:Unknown)
[2018.09.15-07.07.06:132][  0]LogD3D11RHI:      Driver Date: Unknown
[2018.09.15-07.07.06:133][  0]LogRHI: Texture pool is 4242 MB (70% of 6061 MB)
[2018.09.15-07.07.06:168][  0]LogD3D11RHI: [Aftermath] Aftermath enabled but failed to initialize
[2018.09.15-07.07.06:168][  0]LogD3D11RHI: [Aftermath] Aftermath enabled and primed
[2018.09.15-07.07.06:168][  0]LogD3D11RHI: Async texture creation enabled
[2018.09.15-07.07.06:303][  0]LogD3D11RHI: GPU Timing Frequency: 1000.000000 (Debug: 2 2)
[2018.09.15-07.07.06:351][  0]LogShaderCompilers: Guid format shader working directory is 7 characters bigger than the processId version (../../../../../Unreal Projects/VRStick/Intermediate/Shaders/WorkingDirectory/8704/).
[2018.09.15-07.07.06:351][  0]LogShaderCompilers: Cleaned the shader compiler working directory 'C:/Users/user/AppData/Local/Temp/UnrealShaderWorkingDir/D2B698B94783D6D4316CAC9B18D34DA9/'.
[2018.09.15-07.07.06:595][  0]LogTemp: Display: Loaded TP WindowsClientTargetPlatform
[2018.09.15-07.07.06:611][  0]LogTemp: Display: Loaded TP WindowsNoEditorTargetPlatform
[2018.09.15-07.07.06:625][  0]LogTemp: Display: Loaded TP WindowsServerTargetPlatform
[2018.09.15-07.07.06:644][  0]LogTemp: Display: Loaded TP WindowsTargetPlatform
[2018.09.15-07.07.06:644][  0]LogTargetPlatformManager: Display: Building Assets For Windows
[2018.09.15-07.07.06:738][  0]LogXGEController: Cannot use XGE Controller as Incredibuild is not installed on this machine.
[2018.09.15-07.07.06:738][  0]LogShaderCompilers: Cannot use XGE Shader Compiler as Incredibuild is not installed on this machine.
[2018.09.15-07.07.06:738][  0]LogShaderCompilers: Display: Using Local Shader Compiler.
[2018.09.15-07.07.07:520][  0]LogDerivedDataCache: Display: Max Cache Size: 512 MB
[2018.09.15-07.07.07:634][  0]LogDerivedDataCache: Loaded boot cache 0.11s 88MB C:/Users/user/AppData/Local/UnrealEngine/4.19/DerivedDataCache/Boot.ddc.
[2018.09.15-07.07.07:634][  0]LogDerivedDataCache: Display: Loaded Boot cache: C:/Users/user/AppData/Local/UnrealEngine/4.19/DerivedDataCache/Boot.ddc
[2018.09.15-07.07.07:634][  0]LogDerivedDataCache: FDerivedDataBackendGraph:  Pak pak cache file ../../../../../Unreal Projects/VRStick/DerivedDataCache/DDC.ddp not found, will not use a pak cache.
[2018.09.15-07.07.07:634][  0]LogDerivedDataCache: Unable to find inner node Pak for hierarchical cache Hierarchy.
[2018.09.15-07.07.07:634][  0]LogDerivedDataCache: FDerivedDataBackendGraph:  CompressedPak pak cache file ../../../../../Unreal Projects/VRStick/DerivedDataCache/Compressed.ddp not found, will not use a pak cache.
[2018.09.15-07.07.07:634][  0]LogDerivedDataCache: Unable to find inner node CompressedPak for hierarchical cache Hierarchy.
[2018.09.15-07.07.07:654][  0]LogDerivedDataCache: Display: Pak cache opened for reading ../../../Engine/DerivedDataCache/Compressed.ddp.
[2018.09.15-07.07.07:666][  0]LogDerivedDataCache: Using Local data cache path C:/Users/user/AppData/Local/UnrealEngine/Common/DerivedDataCache: Writable
[2018.09.15-07.07.07:666][  0]LogDerivedDataCache: Shared data cache path not found in *engine.ini, will not use an Shared cache.
[2018.09.15-07.07.07:666][  0]LogDerivedDataCache: Unable to find inner node Shared for hierarchical cache Hierarchy.
[2018.09.15-07.07.07:681][  0]LogMaterial: Verifying Global Shaders for PCD3D_SM5
[2018.09.15-07.07.07:682][  0]LogSlate: Using Freetype 2.6.0
[2018.09.15-07.07.07:682][  0]LogSlate: SlateFontCache - WITH_FREETYPE: 1, WITH_HARFBUZZ: 1
[2018.09.15-07.07.07:682][  0]LogSlate: SlateFontCache - WITH_FREETYPE: 1, WITH_HARFBUZZ: 1
[2018.09.15-07.07.07:775][  0]LogAssetRegistry: FAssetRegistry took 0.0040 seconds to start up
[2018.09.15-07.07.08:041][  0]LogPackageLocalizationCache: Processed 9 localized package path(s) for 1 prioritized culture(s) in 0.019743 seconds
[2018.09.15-07.07.08:149][  0]LogInit: Selected Device Profile: [Windows]
[2018.09.15-07.07.08:279][  0]LogSimplygon: Simplygon DLL not present - disabling.
[2018.09.15-07.07.08:281][  0]LogMeshReduction: Using SimplygonSwarm for distributed automatic mesh merging
[2018.09.15-07.07.08:281][  0]LogMeshReduction: Using QuadricMeshReduction for automatic static mesh reduction
[2018.09.15-07.07.08:281][  0]LogMeshReduction: No automatic skeletal mesh reduction module available
[2018.09.15-07.07.08:281][  0]LogMeshReduction: No automatic mesh merging module available
[2018.09.15-07.07.08:281][  0]LogMeshMerging: No automatic mesh merging module available
[2018.09.15-07.07.08:302][  0]LogNetVersion: VRStick , NetCL: 3944462, EngineNetVer: 2, GameNetVer: 0 (Checksum: 3078694276)
[2018.09.15-07.07.08:958][  0]LogMoviePlayer: Initializing movie player
[2018.09.15-07.07.09:252][  0]LogTcpMessaging: Initializing TcpMessaging bridge
[2018.09.15-07.07.09:277][  0]LogUdpMessaging: Initializing bridge on interface 0.0.0.0:0 to multicast group 230.0.0.1:6666.
[2018.09.15-07.07.09:473][  0]SourceControl: Source control is disabled
[2018.09.15-07.07.09:473][  0]SourceControl: Source control is disabled
[2018.09.15-07.07.09:487][  0]SourceControl: Source control is disabled
[2018.09.15-07.07.09:775][  0]LogAndroidPermission: UAndroidPermissionCallbackProxy::GetInstance
[2018.09.15-07.07.09:911][  0]LogOcInput: OculusInput pre-init called
[2018.09.15-07.07.09:943][  0]LogUObjectArray: 40124 objects as part of root set at end of initial load.
[2018.09.15-07.07.09:943][  0]LogUObjectAllocator: 8364208 out of 0 bytes used by permanent object pool.
[2018.09.15-07.07.09:943][  0]LogUObjectArray: CloseDisregardForGC: 0/0 objects in disregard for GC pool
[2018.09.15-07.07.09:992][  0]LogEngine: Initializing Engine...
[2018.09.15-07.07.10:005][  0]LogStats: UGameplayTagsManager::ConstructGameplayTagTree: Construct from data asset -  0.000 s
[2018.09.15-07.07.10:005][  0]LogStats: UGameplayTagsManager::ConstructGameplayTagTree: GameplayTagTreeChangedEvent.Broadcast -  0.000 s
[2018.09.15-07.07.10:231][  0]LogInit: XAudio2 using 'LG TV-4 (NVIDIA High Definition Audio)' : 2 channels at 48 kHz using 16 bits per sample (channel mask 0x3)
[2018.09.15-07.07.10:250][  0]LogInit: FAudioDevice initialized.
[2018.09.15-07.07.10:292][  0]LogInit: Texture streaming: Enabled
[2018.09.15-07.07.10:559][  0]LogInit: Display: Game Engine Initialized.
[2018.09.15-07.07.10:559][  0]LogGameplayTags: Display: UGameplayTagsManager::DoneAddingNativeTags. DelegateIsBound: 0
[2018.09.15-07.07.10:559][  0]LogStats: UGameplayTagsManager::ConstructGameplayTagTree: Construct from data asset -  0.000 s
[2018.09.15-07.07.10:559][  0]LogStats: UGameplayTagsManager::ConstructGameplayTagTree: GameplayTagTreeChangedEvent.Broadcast -  0.000 s
[2018.09.15-07.07.10:625][  0]LogInit: Display: Starting Game.
[2018.09.15-07.07.10:625][  0]LogNet: Browse: /Game/VirtualRealityBP/Maps/startmap?Name=Player
[2018.09.15-07.07.10:625][  0]LogLoad: LoadMap: /Game/VirtualRealityBP/Maps/startmap?Name=Player
[2018.09.15-07.07.10:638][  0]LogUObjectGlobals: Created PersistentFrame Addr=0x00000239e532bda8, Size=40, Default__startmap_C Function /Game/VirtualRealityBP/Maps/startmap.startmap_C:ExecuteUbergraph_startmap
[2018.09.15-07.07.10:687][  0]LogUObjectGlobals: Created PersistentFrame Addr=0x00000239f1c71f30, Size=76, Default__Choose_C Function /Game/Interface/Choose.Choose_C:ExecuteUbergraph_Choose
[2018.09.15-07.07.10:697][  0]LogUObjectGlobals: Created PersistentFrame Addr=0x00000239e7113880, Size=172, Default__RANK_BP_C Function /Game/CustomBP/RANK_BP.RANK_BP_C:ExecuteUbergraph_RANK_BP
[2018.09.15-07.07.10:702][  0]LogUObjectGlobals: Created PersistentFrame Addr=0x00000239f4477340, Size=172, Default__WELCOME_BP_C Function /Game/CustomBP/WELCOME_BP.WELCOME_BP_C:ExecuteUbergraph_WELCOME_BP
[2018.09.15-07.07.10:708][  0]LogUObjectGlobals: Created PersistentFrame Addr=0x00000239e2942780, Size=784, Default__MotionControllerPawn_C Function /Game/VirtualRealityBP/Blueprints/MotionControllerPawn.MotionControllerPawn_C:ExecuteUbergraph_MotionControllerPawn
[2018.09.15-07.07.10:713][  0]LogUObjectGlobals: Created PersistentFrame Addr=0x00000239f45a4f00, Size=1176, Default__BP_MotionController_C Function /Game/VirtualRealityBP/Blueprints/BP_MotionController.BP_MotionController_C:ExecuteUbergraph_BP_MotionController
[2018.09.15-07.07.10:715][  0]LogUObjectGlobals: Created PersistentFrame Addr=0x00000239e5359870, Size=24, Default__RightHand_AnimBP_C Function /Game/VirtualReality/Mannequin/Animations/RightHand_AnimBP.RightHand_AnimBP_C:ExecuteUbergraph_RightHand_AnimBP
[2018.09.15-07.07.10:801][  0]LogUObjectGlobals: Destroyed PersistentFrame Addr=0x00000239f45a4f00, Size=1176
[2018.09.15-07.07.10:801][  0]LogUObjectGlobals: Created PersistentFrame Addr=0x00000239f530a400, Size=1176, Default__BP_MotionController_C Function /Engine/Transient.REINST_BP_MotionController_C_3:ExecuteUbergraph_BP_MotionController
[2018.09.15-07.07.10:802][  0]LogUObjectGlobals: Destroyed PersistentFrame Addr=0x00000239e7113880, Size=172
[2018.09.15-07.07.10:802][  0]LogUObjectGlobals: Created PersistentFrame Addr=0x00000239f5518e80, Size=172, Default__RANK_BP_C Function /Engine/Transient.REINST_RANK_BP_C_6:ExecuteUbergraph_RANK_BP
[2018.09.15-07.07.10:802][  0]LogUObjectGlobals: Destroyed PersistentFrame Addr=0x00000239e5359870, Size=24
[2018.09.15-07.07.10:802][  0]LogUObjectGlobals: Created PersistentFrame Addr=0x00000239f535f6e8, Size=24, Default__RightHand_AnimBP_C Function /Engine/Transient.REINST_RightHand_AnimBP_C_0:ExecuteUbergraph_RightHand_AnimBP
[2018.09.15-07.07.10:802][  0]LogUObjectGlobals: Destroyed PersistentFrame Addr=0x00000239f4477340, Size=172
[2018.09.15-07.07.10:802][  0]LogUObjectGlobals: Created PersistentFrame Addr=0x00000239f5518c40, Size=172, Default__WELCOME_BP_C Function /Engine/Transient.REINST_WELCOME_BP_C_7:ExecuteUbergraph_WELCOME_BP
[2018.09.15-07.07.10:803][  0]LogUObjectGlobals: Destroyed PersistentFrame Addr=0x00000239e2942780, Size=784
[2018.09.15-07.07.10:803][  0]LogUObjectGlobals: Created PersistentFrame Addr=0x00000239f545e080, Size=784, Default__MotionControllerPawn_C Function /Engine/Transient.REINST_MotionControllerPawn_C_8:ExecuteUbergraph_MotionControllerPawn
[2018.09.15-07.07.10:803][  0]LogUObjectGlobals: Destroyed PersistentFrame Addr=0x00000239f1c71f30, Size=76
[2018.09.15-07.07.10:803][  0]LogUObjectGlobals: Created PersistentFrame Addr=0x00000239f52cf830, Size=76, Default__Choose_C Function /Engine/Transient.REINST_Choose_C_0:ExecuteUbergraph_Choose
[2018.09.15-07.07.10:864][  0]LogUObjectGlobals: Created PersistentFrame Addr=0x00000239e5980f00, Size=1176, Default__BP_MotionController_C Function /Game/VirtualRealityBP/Blueprints/BP_MotionController.BP_MotionController_C:ExecuteUbergraph_BP_MotionController
[2018.09.15-07.07.10:868][  0]LogUObjectGlobals: Created PersistentFrame Addr=0x00000239e59f6f80, Size=172, Default__RANK_BP_C Function /Game/CustomBP/RANK_BP.RANK_BP_C:ExecuteUbergraph_RANK_BP
[2018.09.15-07.07.10:869][  0]LogUObjectGlobals: Created PersistentFrame Addr=0x00000239e1d6dfc0, Size=24, Default__RightHand_AnimBP_C Function /Game/VirtualReality/Mannequin/Animations/RightHand_AnimBP.RightHand_AnimBP_C:ExecuteUbergraph_RightHand_AnimBP
[2018.09.15-07.07.10:869][  0]LogUObjectGlobals: Created PersistentFrame Addr=0x00000239e59f62c0, Size=172, Default__WELCOME_BP_C Function /Game/CustomBP/WELCOME_BP.WELCOME_BP_C:ExecuteUbergraph_WELCOME_BP
[2018.09.15-07.07.10:873][  0]LogUObjectGlobals: Created PersistentFrame Addr=0x00000239e59c8f00, Size=784, Default__MotionControllerPawn_C Function /Game/VirtualRealityBP/Blueprints/MotionControllerPawn.MotionControllerPawn_C:ExecuteUbergraph_MotionControllerPawn
[2018.09.15-07.07.10:875][  0]LogUObjectGlobals: Created PersistentFrame Addr=0x00000239e5a420c0, Size=76, Default__Choose_C Function /Game/Interface/Choose.Choose_C:ExecuteUbergraph_Choose
[2018.09.15-07.07.10:887][  0]LogUObjectGlobals: Destroyed PersistentFrame Addr=0x00000239e532bda8, Size=40
[2018.09.15-07.07.10:887][  0]LogUObjectGlobals: Created PersistentFrame Addr=0x00000239f52c6728, Size=40, Default__startmap_C Function /Engine/Transient.REINST_startmap_C_21:ExecuteUbergraph_startmap
[2018.09.15-07.07.10:888][  0]LogUObjectGlobals: Created PersistentFrame Addr=0x00000239f52c6638, Size=40, Default__startmap_C Function /Game/VirtualRealityBP/Maps/startmap.startmap_C:ExecuteUbergraph_startmap
[2018.09.15-07.07.10:971][  0]LogSkeletalMesh: Skeletal Mesh found in DDC [1.739719ms] /Game/VirtualReality/Mannequin/Character/Mesh/MannequinHand_Right.MannequinHand_Right
[2018.09.15-07.07.11:007][  0]LogAIModule: Creating AISystem for world startmap
[2018.09.15-07.07.11:008][  0]LogUObjectGlobals: Warning: Failed to find object 'Class None.'
[2018.09.15-07.07.11:008][  0]LogLoad: Game class is 'GameModeBase'
[2018.09.15-07.07.11:016][  0]LogWorld: Bringing World /Game/VirtualRealityBP/Maps/startmap.startmap up for play (max tick rate 0) at 2018.09.15-15.07.11
[2018.09.15-07.07.11:016][  0]LogWorld: Bringing up level for play took: 0.007934
[2018.09.15-07.07.11:017][  0]LogGameMode: FindPlayerStart: PATHS NOT DEFINED or NO PLAYERSTART with positive rating
[2018.09.15-07.07.11:019][  0]LogSlate: New Slate User Created.  User Index 8, Is Virtual User: 1
[2018.09.15-07.07.11:019][  0]LogSlate: Slate User Registered.  User Index 8, Is Virtual User: 1
[2018.09.15-07.07.11:021][  0]LogLoad: Took 0.395932 seconds to LoadMap(/Game/VirtualRealityBP/Maps/startmap)
[2018.09.15-07.07.11:070][  0]LogLoad: (Engine Initialization) Total time: 7.42 seconds
[2018.09.15-07.07.11:070][  0]LogLoad: (Engine Initialization) Total Blueprint compile time: 0.00 seconds
[2018.09.15-07.07.11:117][  0]LogRenderer: Reallocating scene render targets to support 1280x720 Format 26 NumSamples 1 (Frame:1).
[2018.09.15-07.07.11:157][  0]LogContentStreaming: Texture pool size now 1000 MB
[2018.09.15-07.07.11:271][  2]LogSlate: Took 0.000408 seconds to synchronously load lazily loaded font '../../../Engine/Content/Slate/Fonts/Roboto-Regular.ttf' (155K)
[2018.09.15-07.07.13:792][151]LogSlate: Window 'VRStick (64-bit, PCD3D_SM5) ' being destroyed
[2018.09.15-07.07.13:794][151]LogWindowsTextInputMethodSystem: Display: IME system now activated using TSF (微軟注音).
[2018.09.15-07.07.13:797][151]LogEngine: All Windows Closed
[2018.09.15-07.07.13:797][151]LogWindows: FPlatformMisc::RequestExit(0)
[2018.09.15-07.07.13:998][152]LogSlate: Slate User Destroyed.  User Index 0, Is Virtual User: 0
[2018.09.15-07.07.13:998][152]LogSlate: Slate User Destroyed.  User Index 8, Is Virtual User: 1
[2018.09.15-07.07.13:998][152]LogExit: Preparing to exit.
[2018.09.15-07.07.13:998][152]LogMoviePlayer: Shutting down movie player
[2018.09.15-07.07.14:320][152]LogUObjectGlobals: Destroyed PersistentFrame Addr=0x00000239f52c6728, Size=40
[2018.09.15-07.07.14:320][152]LogExit: Game engine shut down
[2018.09.15-07.07.14:324][152]LogUObjectGlobals: Destroyed PersistentFrame Addr=0x00000239f52cf830, Size=76
[2018.09.15-07.07.14:324][152]LogUObjectGlobals: Destroyed PersistentFrame Addr=0x00000239f5518e80, Size=172
[2018.09.15-07.07.14:324][152]LogUObjectGlobals: Destroyed PersistentFrame Addr=0x00000239f5518c40, Size=172
[2018.09.15-07.07.14:324][152]LogUObjectGlobals: Destroyed PersistentFrame Addr=0x00000239f545e080, Size=784
[2018.09.15-07.07.14:324][152]LogUObjectGlobals: Destroyed PersistentFrame Addr=0x00000239f530a400, Size=1176
[2018.09.15-07.07.14:324][152]LogUObjectGlobals: Destroyed PersistentFrame Addr=0x00000239f535f6e8, Size=24
[2018.09.15-07.07.14:325][152]LogUObjectGlobals: Destroyed PersistentFrame Addr=0x00000239e5980f00, Size=1176
[2018.09.15-07.07.14:325][152]LogUObjectGlobals: Destroyed PersistentFrame Addr=0x00000239e59f6f80, Size=172
[2018.09.15-07.07.14:325][152]LogUObjectGlobals: Destroyed PersistentFrame Addr=0x00000239e1d6dfc0, Size=24
[2018.09.15-07.07.14:325][152]LogUObjectGlobals: Destroyed PersistentFrame Addr=0x00000239e59f62c0, Size=172
[2018.09.15-07.07.14:325][152]LogUObjectGlobals: Destroyed PersistentFrame Addr=0x00000239e59c8f00, Size=784
[2018.09.15-07.07.14:325][152]LogUObjectGlobals: Destroyed PersistentFrame Addr=0x00000239e5a420c0, Size=76
[2018.09.15-07.07.14:325][152]LogUObjectGlobals: Destroyed PersistentFrame Addr=0x00000239f52c6638, Size=40
[2018.09.15-07.07.14:388][152]LogExit: Object subsystem successfully closed.
[2018.09.15-07.07.14:409][152]LogShaderCompilers: Display: Shaders left to compile 0
[2018.09.15-07.07.14:413][152]LogD3D11RHI: Shutdown
[2018.09.15-07.07.14:413][152]LogD3D11RHI: CleanupD3DDevice
[2018.09.15-07.07.14:415][152]LogD3D11RHI: ~FD3D11DynamicRHI
[2018.09.15-07.07.14:421][152]LogModuleManager: Shutting down and abandoning module SequenceRecorderSections (332)
[2018.09.15-07.07.14:421][152]LogModuleManager: Shutting down and abandoning module SequenceRecorder (330)
[2018.09.15-07.07.14:421][152]LogModuleManager: Shutting down and abandoning module AutomationController (328)
[2018.09.15-07.07.14:421][152]LogModuleManager: Shutting down and abandoning module AutomationWorker (326)
[2018.09.15-07.07.14:421][152]LogModuleManager: Shutting down and abandoning module AIModule (324)
[2018.09.15-07.07.14:421][152]LogModuleManager: Shutting down and abandoning module GameplayDebugger (323)
[2018.09.15-07.07.14:421][152]LogModuleManager: Shutting down and abandoning module AITestSuite (321)
[2018.09.15-07.07.14:421][152]LogModuleManager: Shutting down and abandoning module WmfMediaFactory (318)
[2018.09.15-07.07.14:421][152]LogModuleManager: Shutting down and abandoning module OpenExrWrapper (316)
[2018.09.15-07.07.14:421][152]LogModuleManager: Shutting down and abandoning module ImgMediaFactory (314)
[2018.09.15-07.07.14:421][152]LogModuleManager: Shutting down and abandoning module AvfMediaFactory (312)
[2018.09.15-07.07.14:421][152]LogModuleManager: Shutting down and abandoning module CharacterAI (310)
[2018.09.15-07.07.14:421][152]LogModuleManager: Shutting down and abandoning module SessionServices (308)
[2018.09.15-07.07.14:421][152]LogModuleManager: Shutting down and abandoning module MovieSceneCapture (306)
[2018.09.15-07.07.14:421][152]LogModuleManager: Shutting down and abandoning module MovieSceneTracks (304)
[2018.09.15-07.07.14:421][152]LogModuleManager: Shutting down and abandoning module MovieScene (302)
[2018.09.15-07.07.14:421][152]LogModuleManager: Shutting down and abandoning module GeometryCache (300)
[2018.09.15-07.07.14:421][152]LogModuleManager: Shutting down and abandoning module GeometryCacheEd (299)
[2018.09.15-07.07.14:421][152]LogModuleManager: Shutting down and abandoning module StreamingPauseRendering (296)
[2018.09.15-07.07.14:421][152]LogModuleManager: Shutting down and abandoning module PortalServices (294)
[2018.09.15-07.07.14:421][152]LogModuleManager: Shutting down and abandoning module PortalRpc (292)
[2018.09.15-07.07.14:421][152]LogModuleManager: Shutting down and abandoning module MessagingRpc (290)
[2018.09.15-07.07.14:421][152]LogModuleManager: Shutting down and abandoning module ProfilerService (288)
[2018.09.15-07.07.14:457][152]LogModuleManager: Shutting down and abandoning module TaskGraph (286)
[2018.09.15-07.07.14:457][152]LogModuleManager: Shutting down and abandoning module SteamVRController (284)
[2018.09.15-07.07.14:457][152]LogModuleManager: Shutting down and abandoning module ProceduralMeshComponent (282)
[2018.09.15-07.07.14:457][152]LogModuleManager: Shutting down and abandoning module OculusInput (280)
[2018.09.15-07.07.14:457][152]LogModuleManager: Shutting down and abandoning module MobilePatchingUtils (278)
[2018.09.15-07.07.14:457][152]LogModuleManager: Shutting down and abandoning module CustomMeshComponent (276)
[2018.09.15-07.07.14:457][152]LogModuleManager: Shutting down and abandoning module CableComponent (274)
[2018.09.15-07.07.14:457][152]LogModuleManager: Shutting down and abandoning module AudioCapture (272)
[2018.09.15-07.07.14:457][152]LogModuleManager: Shutting down and abandoning module ArchVisCharacter (270)
[2018.09.15-07.07.14:457][152]LogModuleManager: Shutting down and abandoning module AndroidPermission (268)
[2018.09.15-07.07.14:457][152]LogModuleManager: Shutting down and abandoning module NUTUnrealEngine4 (264)
[2018.09.15-07.07.14:457][152]LogModuleManager: Shutting down and abandoning module NetcodeUnitTest (262)
[2018.09.15-07.07.14:457][152]LogModuleManager: Shutting down and abandoning module MediaCompositing (260)
[2018.09.15-07.07.14:457][152]LogModuleManager: Shutting down and abandoning module LinearTimecode (258)
[2018.09.15-07.07.14:457][152]LogModuleManager: Shutting down and abandoning module ImgMedia (256)
[2018.09.15-07.07.14:459][152]LogModuleManager: Shutting down and abandoning module HTML5Networking (254)
[2018.09.15-07.07.14:459][152]LogModuleManager: Shutting down and abandoning module DatasmithContent (252)
[2018.09.15-07.07.14:459][152]LogModuleManager: Shutting down and abandoning module CryptoKeysOpenSSL (250)
[2018.09.15-07.07.14:459][152]LogModuleManager: Shutting down and abandoning module CryptoKeys (248)
[2018.09.15-07.07.14:459][152]LogModuleManager: Shutting down and abandoning module VisualStudioSourceCodeAccess (246)
[2018.09.15-07.07.14:459][152]LogModuleManager: Shutting down and abandoning module HotReload (245)
[2018.09.15-07.07.14:460][152]LogModuleManager: Shutting down and abandoning module DirectoryWatcher (244)
[2018.09.15-07.07.14:460][152]LogModuleManager: Shutting down and abandoning module VisualStudioCodeSourceCodeAccess (240)
[2018.09.15-07.07.14:460][152]LogModuleManager: Shutting down and abandoning module UObjectPlugin (238)
[2018.09.15-07.07.14:460][152]LogModuleManager: Shutting down and abandoning module SubversionSourceControl (236)
[2018.09.15-07.07.14:460][152]LogModuleManager: Shutting down and abandoning module PerforceSourceControl (234)
[2018.09.15-07.07.14:460][152]LogModuleManager: Shutting down and abandoning module SourceControl (233)
[2018.09.15-07.07.14:460][152]LogModuleManager: Shutting down and abandoning module CLionSourceCodeAccess (230)
[2018.09.15-07.07.14:460][152]LogModuleManager: Shutting down and abandoning module RuntimePhysXCooking (228)
[2018.09.15-07.07.14:460][152]LogModuleManager: Shutting down and abandoning module PhysXVehiclesEditor (226)
[2018.09.15-07.07.14:460][152]LogModuleManager: Shutting down and abandoning module PhysXVehicles (224)
[2018.09.15-07.07.14:460][152]LogModuleManager: Shutting down and abandoning module LocationServicesBPLibrary (222)
[2018.09.15-07.07.14:460][152]LogModuleManager: Shutting down and abandoning module ImmediatePhysicsEditor (220)
[2018.09.15-07.07.14:460][152]LogModuleManager: Shutting down and abandoning module ImmediatePhysics (218)
[2018.09.15-07.07.14:460][152]LogModuleManager: Shutting down and abandoning module ActorSequence (216)
[2018.09.15-07.07.14:460][152]LogModuleManager: Shutting down and abandoning module UdpMessaging (214)
[2018.09.15-07.07.14:561][152]LogModuleManager: Shutting down and abandoning module TcpMessaging (212)
